<?xml version="1.0" encoding="UTF-8"?>
<testsuite xmlns:xsi="http://www.w3.org/2001/XMLSchema-instance" xsi:noNamespaceSchemaLocation="https://maven.apache.org/surefire/maven-surefire-plugin/xsd/surefire-test-report.xsd" version="3.0.2" name="com.example.demo.serviceTest.TaskServiceTest" time="1.114" tests="7" errors="0" skipped="0" failures="0">
  <properties>
    <property name="java.specification.version" value="21"/>
    <property name="sun.jnu.encoding" value="UTF-8"/>
    <property name="java.class.path" value="/home/gabriel/back_end_project/microservices-to-do-list/to-do-list/target/test-classes:/home/gabriel/back_end_project/microservices-to-do-list/to-do-list/target/classes:/home/gabriel/.m2/repository/org/springframework/boot/spring-boot-starter-data-jpa/3.3.4/spring-boot-starter-data-jpa-3.3.4.jar:/home/gabriel/.m2/repository/org/springframework/boot/spring-boot-starter-aop/3.3.4/spring-boot-starter-aop-3.3.4.jar:/home/gabriel/.m2/repository/org/springframework/spring-aop/6.1.13/spring-aop-6.1.13.jar:/home/gabriel/.m2/repository/org/aspectj/aspectjweaver/1.9.22.1/aspectjweaver-1.9.22.1.jar:/home/gabriel/.m2/repository/org/springframework/boot/spring-boot-starter-jdbc/3.3.4/spring-boot-starter-jdbc-3.3.4.jar:/home/gabriel/.m2/repository/com/zaxxer/HikariCP/5.1.0/HikariCP-5.1.0.jar:/home/gabriel/.m2/repository/org/springframework/spring-jdbc/6.1.13/spring-jdbc-6.1.13.jar:/home/gabriel/.m2/repository/org/hibernate/orm/hibernate-core/6.5.3.Final/hibernate-core-6.5.3.Final.jar:/home/gabriel/.m2/repository/jakarta/persistence/jakarta.persistence-api/3.1.0/jakarta.persistence-api-3.1.0.jar:/home/gabriel/.m2/repository/jakarta/transaction/jakarta.transaction-api/2.0.1/jakarta.transaction-api-2.0.1.jar:/home/gabriel/.m2/repository/org/jboss/logging/jboss-logging/3.5.3.Final/jboss-logging-3.5.3.Final.jar:/home/gabriel/.m2/repository/org/hibernate/common/hibernate-commons-annotations/6.0.6.Final/hibernate-commons-annotations-6.0.6.Final.jar:/home/gabriel/.m2/repository/io/smallrye/jandex/3.1.2/jandex-3.1.2.jar:/home/gabriel/.m2/repository/com/fasterxml/classmate/1.7.0/classmate-1.7.0.jar:/home/gabriel/.m2/repository/org/glassfish/jaxb/jaxb-runtime/4.0.5/jaxb-runtime-4.0.5.jar:/home/gabriel/.m2/repository/org/glassfish/jaxb/jaxb-core/4.0.5/jaxb-core-4.0.5.jar:/home/gabriel/.m2/repository/org/eclipse/angus/angus-activation/2.0.2/angus-activation-2.0.2.jar:/home/gabriel/.m2/repository/org/glassfish/jaxb/txw2/4.0.5/txw2-4.0.5.jar:/home/gabriel/.m2/repository/com/sun/istack/istack-commons-runtime/4.1.2/istack-commons-runtime-4.1.2.jar:/home/gabriel/.m2/repository/jakarta/inject/jakarta.inject-api/2.0.1/jakarta.inject-api-2.0.1.jar:/home/gabriel/.m2/repository/org/antlr/antlr4-runtime/4.13.0/antlr4-runtime-4.13.0.jar:/home/gabriel/.m2/repository/org/springframework/data/spring-data-jpa/3.3.4/spring-data-jpa-3.3.4.jar:/home/gabriel/.m2/repository/org/springframework/data/spring-data-commons/3.3.4/spring-data-commons-3.3.4.jar:/home/gabriel/.m2/repository/org/springframework/spring-orm/6.1.13/spring-orm-6.1.13.jar:/home/gabriel/.m2/repository/org/springframework/spring-context/6.1.13/spring-context-6.1.13.jar:/home/gabriel/.m2/repository/org/springframework/spring-tx/6.1.13/spring-tx-6.1.13.jar:/home/gabriel/.m2/repository/jakarta/annotation/jakarta.annotation-api/2.1.1/jakarta.annotation-api-2.1.1.jar:/home/gabriel/.m2/repository/org/slf4j/slf4j-api/2.0.16/slf4j-api-2.0.16.jar:/home/gabriel/.m2/repository/org/springframework/spring-aspects/6.1.13/spring-aspects-6.1.13.jar:/home/gabriel/.m2/repository/org/springframework/ai/spring-ai-azure-openai-spring-boot-starter/1.0.0-M4/spring-ai-azure-openai-spring-boot-starter-1.0.0-M4.jar:/home/gabriel/.m2/repository/org/springframework/boot/spring-boot-starter/3.3.4/spring-boot-starter-3.3.4.jar:/home/gabriel/.m2/repository/org/springframework/boot/spring-boot/3.3.4/spring-boot-3.3.4.jar:/home/gabriel/.m2/repository/org/springframework/boot/spring-boot-autoconfigure/3.3.4/spring-boot-autoconfigure-3.3.4.jar:/home/gabriel/.m2/repository/org/springframework/boot/spring-boot-starter-logging/3.3.4/spring-boot-starter-logging-3.3.4.jar:/home/gabriel/.m2/repository/ch/qos/logback/logback-classic/1.5.8/logback-classic-1.5.8.jar:/home/gabriel/.m2/repository/ch/qos/logback/logback-core/1.5.8/logback-core-1.5.8.jar:/home/gabriel/.m2/repository/org/apache/logging/log4j/log4j-to-slf4j/2.23.1/log4j-to-slf4j-2.23.1.jar:/home/gabriel/.m2/repository/org/apache/logging/log4j/log4j-api/2.23.1/log4j-api-2.23.1.jar:/home/gabriel/.m2/repository/org/slf4j/jul-to-slf4j/2.0.16/jul-to-slf4j-2.0.16.jar:/home/gabriel/.m2/repository/org/yaml/snakeyaml/2.2/snakeyaml-2.2.jar:/home/gabriel/.m2/repository/org/springframework/ai/spring-ai-spring-boot-autoconfigure/1.0.0-M4/spring-ai-spring-boot-autoconfigure-1.0.0-M4.jar:/home/gabriel/.m2/repository/org/springframework/ai/spring-ai-azure-openai/1.0.0-M4/spring-ai-azure-openai-1.0.0-M4.jar:/home/gabriel/.m2/repository/org/springframework/ai/spring-ai-core/1.0.0-M4/spring-ai-core-1.0.0-M4.jar:/home/gabriel/.m2/repository/com/fasterxml/jackson/module/jackson-module-jsonSchema/2.17.2/jackson-module-jsonSchema-2.17.2.jar:/home/gabriel/.m2/repository/javax/validation/validation-api/1.1.0.Final/validation-api-1.1.0.Final.jar:/home/gabriel/.m2/repository/io/swagger/core/v3/swagger-annotations/2.2.20/swagger-annotations-2.2.20.jar:/home/gabriel/.m2/repository/com/github/victools/jsonschema-module-swagger-2/4.35.0/jsonschema-module-swagger-2-4.35.0.jar:/home/gabriel/.m2/repository/org/antlr/ST4/4.3.4/ST4-4.3.4.jar:/home/gabriel/.m2/repository/org/antlr/antlr-runtime/3.5.3/antlr-runtime-3.5.3.jar:/home/gabriel/.m2/repository/org/springframework/spring-messaging/6.1.13/spring-messaging-6.1.13.jar:/home/gabriel/.m2/repository/io/micrometer/micrometer-core/1.13.4/micrometer-core-1.13.4.jar:/home/gabriel/.m2/repository/org/hdrhistogram/HdrHistogram/2.2.2/HdrHistogram-2.2.2.jar:/home/gabriel/.m2/repository/org/latencyutils/LatencyUtils/2.0.3/LatencyUtils-2.0.3.jar:/home/gabriel/.m2/repository/io/micrometer/context-propagation/1.1.1/context-propagation-1.1.1.jar:/home/gabriel/.m2/repository/com/knuddels/jtokkit/1.1.0/jtokkit-1.1.0.jar:/home/gabriel/.m2/repository/com/github/victools/jsonschema-generator/4.35.0/jsonschema-generator-4.35.0.jar:/home/gabriel/.m2/repository/com/github/victools/jsonschema-module-jackson/4.35.0/jsonschema-module-jackson-4.35.0.jar:/home/gabriel/.m2/repository/org/springframework/spring-context-support/6.1.13/spring-context-support-6.1.13.jar:/home/gabriel/.m2/repository/org/springframework/boot/spring-boot-starter-web/3.3.4/spring-boot-starter-web-3.3.4.jar:/home/gabriel/.m2/repository/org/springframework/boot/spring-boot-starter-json/3.3.4/spring-boot-starter-json-3.3.4.jar:/home/gabriel/.m2/repository/com/fasterxml/jackson/core/jackson-databind/2.17.2/jackson-databind-2.17.2.jar:/home/gabriel/.m2/repository/com/fasterxml/jackson/datatype/jackson-datatype-jdk8/2.17.2/jackson-datatype-jdk8-2.17.2.jar:/home/gabriel/.m2/repository/com/fasterxml/jackson/datatype/jackson-datatype-jsr310/2.17.2/jackson-datatype-jsr310-2.17.2.jar:/home/gabriel/.m2/repository/com/fasterxml/jackson/module/jackson-module-parameter-names/2.17.2/jackson-module-parameter-names-2.17.2.jar:/home/gabriel/.m2/repository/org/springframework/boot/spring-boot-starter-tomcat/3.3.4/spring-boot-starter-tomcat-3.3.4.jar:/home/gabriel/.m2/repository/org/apache/tomcat/embed/tomcat-embed-core/10.1.30/tomcat-embed-core-10.1.30.jar:/home/gabriel/.m2/repository/org/apache/tomcat/embed/tomcat-embed-el/10.1.30/tomcat-embed-el-10.1.30.jar:/home/gabriel/.m2/repository/org/apache/tomcat/embed/tomcat-embed-websocket/10.1.30/tomcat-embed-websocket-10.1.30.jar:/home/gabriel/.m2/repository/org/springframework/spring-webmvc/6.1.13/spring-webmvc-6.1.13.jar:/home/gabriel/.m2/repository/org/springframework/spring-expression/6.1.13/spring-expression-6.1.13.jar:/home/gabriel/.m2/repository/org/springframework/spring-web/6.1.13/spring-web-6.1.13.jar:/home/gabriel/.m2/repository/org/springframework/spring-beans/6.1.13/spring-beans-6.1.13.jar:/home/gabriel/.m2/repository/org/springframework/spring-core/6.1.13/spring-core-6.1.13.jar:/home/gabriel/.m2/repository/org/springframework/spring-jcl/6.1.13/spring-jcl-6.1.13.jar:/home/gabriel/.m2/repository/io/micrometer/micrometer-observation/1.13.4/micrometer-observation-1.13.4.jar:/home/gabriel/.m2/repository/io/micrometer/micrometer-commons/1.13.4/micrometer-commons-1.13.4.jar:/home/gabriel/.m2/repository/com/azure/azure-ai-openai/1.0.0-beta.12/azure-ai-openai-1.0.0-beta.12.jar:/home/gabriel/.m2/repository/com/azure/azure-core/1.53.0/azure-core-1.53.0.jar:/home/gabriel/.m2/repository/com/azure/azure-json/1.3.0/azure-json-1.3.0.jar:/home/gabriel/.m2/repository/com/azure/azure-xml/1.1.0/azure-xml-1.1.0.jar:/home/gabriel/.m2/repository/com/fasterxml/jackson/core/jackson-annotations/2.17.2/jackson-annotations-2.17.2.jar:/home/gabriel/.m2/repository/com/fasterxml/jackson/core/jackson-core/2.17.2/jackson-core-2.17.2.jar:/home/gabriel/.m2/repository/io/projectreactor/reactor-core/3.6.10/reactor-core-3.6.10.jar:/home/gabriel/.m2/repository/org/reactivestreams/reactive-streams/1.0.4/reactive-streams-1.0.4.jar:/home/gabriel/.m2/repository/com/azure/azure-core-http-netty/1.15.5/azure-core-http-netty-1.15.5.jar:/home/gabriel/.m2/repository/io/netty/netty-handler/4.1.113.Final/netty-handler-4.1.113.Final.jar:/home/gabriel/.m2/repository/io/netty/netty-resolver/4.1.113.Final/netty-resolver-4.1.113.Final.jar:/home/gabriel/.m2/repository/io/netty/netty-transport/4.1.113.Final/netty-transport-4.1.113.Final.jar:/home/gabriel/.m2/repository/io/netty/netty-handler-proxy/4.1.113.Final/netty-handler-proxy-4.1.113.Final.jar:/home/gabriel/.m2/repository/io/netty/netty-codec-socks/4.1.113.Final/netty-codec-socks-4.1.113.Final.jar:/home/gabriel/.m2/repository/io/netty/netty-buffer/4.1.113.Final/netty-buffer-4.1.113.Final.jar:/home/gabriel/.m2/repository/io/netty/netty-codec/4.1.113.Final/netty-codec-4.1.113.Final.jar:/home/gabriel/.m2/repository/io/netty/netty-codec-http/4.1.113.Final/netty-codec-http-4.1.113.Final.jar:/home/gabriel/.m2/repository/io/netty/netty-codec-http2/4.1.113.Final/netty-codec-http2-4.1.113.Final.jar:/home/gabriel/.m2/repository/io/netty/netty-transport-native-unix-common/4.1.113.Final/netty-transport-native-unix-common-4.1.113.Final.jar:/home/gabriel/.m2/repository/io/netty/netty-transport-native-epoll/4.1.113.Final/netty-transport-native-epoll-4.1.113.Final-linux-x86_64.jar:/home/gabriel/.m2/repository/io/netty/netty-transport-classes-epoll/4.1.113.Final/netty-transport-classes-epoll-4.1.113.Final.jar:/home/gabriel/.m2/repository/io/netty/netty-transport-native-kqueue/4.1.113.Final/netty-transport-native-kqueue-4.1.113.Final-osx-x86_64.jar:/home/gabriel/.m2/repository/io/netty/netty-transport-classes-kqueue/4.1.113.Final/netty-transport-classes-kqueue-4.1.113.Final.jar:/home/gabriel/.m2/repository/io/netty/netty-tcnative-boringssl-static/2.0.66.Final/netty-tcnative-boringssl-static-2.0.66.Final.jar:/home/gabriel/.m2/repository/io/netty/netty-tcnative-classes/2.0.66.Final/netty-tcnative-classes-2.0.66.Final.jar:/home/gabriel/.m2/repository/io/netty/netty-tcnative-boringssl-static/2.0.66.Final/netty-tcnative-boringssl-static-2.0.66.Final-linux-x86_64.jar:/home/gabriel/.m2/repository/io/netty/netty-tcnative-boringssl-static/2.0.66.Final/netty-tcnative-boringssl-static-2.0.66.Final-linux-aarch_64.jar:/home/gabriel/.m2/repository/io/netty/netty-tcnative-boringssl-static/2.0.66.Final/netty-tcnative-boringssl-static-2.0.66.Final-osx-x86_64.jar:/home/gabriel/.m2/repository/io/netty/netty-tcnative-boringssl-static/2.0.66.Final/netty-tcnative-boringssl-static-2.0.66.Final-osx-aarch_64.jar:/home/gabriel/.m2/repository/io/netty/netty-tcnative-boringssl-static/2.0.66.Final/netty-tcnative-boringssl-static-2.0.66.Final-windows-x86_64.jar:/home/gabriel/.m2/repository/io/projectreactor/netty/reactor-netty-http/1.1.22/reactor-netty-http-1.1.22.jar:/home/gabriel/.m2/repository/io/netty/netty-resolver-dns/4.1.113.Final/netty-resolver-dns-4.1.113.Final.jar:/home/gabriel/.m2/repository/io/netty/netty-codec-dns/4.1.113.Final/netty-codec-dns-4.1.113.Final.jar:/home/gabriel/.m2/repository/io/netty/netty-resolver-dns-native-macos/4.1.113.Final/netty-resolver-dns-native-macos-4.1.113.Final-osx-x86_64.jar:/home/gabriel/.m2/repository/io/netty/netty-resolver-dns-classes-macos/4.1.113.Final/netty-resolver-dns-classes-macos-4.1.113.Final.jar:/home/gabriel/.m2/repository/io/projectreactor/netty/reactor-netty-core/1.1.22/reactor-netty-core-1.1.22.jar:/home/gabriel/.m2/repository/io/netty/netty-common/4.1.113.Final/netty-common-4.1.113.Final.jar:/home/gabriel/.m2/repository/org/postgresql/postgresql/42.7.4/postgresql-42.7.4.jar:/home/gabriel/.m2/repository/org/checkerframework/checker-qual/3.42.0/checker-qual-3.42.0.jar:/home/gabriel/.m2/repository/com/microsoft/cognitiveservices/speech/client-sdk/1.30.0/client-sdk-1.30.0.jar:/home/gabriel/.m2/repository/org/projectlombok/lombok/1.18.34/lombok-1.18.34.jar:/home/gabriel/.m2/repository/org/springframework/boot/spring-boot-starter-test/3.3.4/spring-boot-starter-test-3.3.4.jar:/home/gabriel/.m2/repository/org/springframework/boot/spring-boot-test/3.3.4/spring-boot-test-3.3.4.jar:/home/gabriel/.m2/repository/org/springframework/boot/spring-boot-test-autoconfigure/3.3.4/spring-boot-test-autoconfigure-3.3.4.jar:/home/gabriel/.m2/repository/com/jayway/jsonpath/json-path/2.9.0/json-path-2.9.0.jar:/home/gabriel/.m2/repository/jakarta/xml/bind/jakarta.xml.bind-api/4.0.2/jakarta.xml.bind-api-4.0.2.jar:/home/gabriel/.m2/repository/jakarta/activation/jakarta.activation-api/2.1.3/jakarta.activation-api-2.1.3.jar:/home/gabriel/.m2/repository/net/minidev/json-smart/2.5.1/json-smart-2.5.1.jar:/home/gabriel/.m2/repository/net/minidev/accessors-smart/2.5.1/accessors-smart-2.5.1.jar:/home/gabriel/.m2/repository/org/ow2/asm/asm/9.6/asm-9.6.jar:/home/gabriel/.m2/repository/org/assertj/assertj-core/3.25.3/assertj-core-3.25.3.jar:/home/gabriel/.m2/repository/org/awaitility/awaitility/4.2.2/awaitility-4.2.2.jar:/home/gabriel/.m2/repository/org/hamcrest/hamcrest/2.2/hamcrest-2.2.jar:/home/gabriel/.m2/repository/org/junit/jupiter/junit-jupiter/5.10.3/junit-jupiter-5.10.3.jar:/home/gabriel/.m2/repository/org/junit/jupiter/junit-jupiter-params/5.10.3/junit-jupiter-params-5.10.3.jar:/home/gabriel/.m2/repository/org/junit/jupiter/junit-jupiter-engine/5.10.3/junit-jupiter-engine-5.10.3.jar:/home/gabriel/.m2/repository/org/junit/platform/junit-platform-engine/1.10.3/junit-platform-engine-1.10.3.jar:/home/gabriel/.m2/repository/org/skyscreamer/jsonassert/1.5.3/jsonassert-1.5.3.jar:/home/gabriel/.m2/repository/com/vaadin/external/google/android-json/0.0.20131108.vaadin1/android-json-0.0.20131108.vaadin1.jar:/home/gabriel/.m2/repository/org/springframework/spring-test/6.1.13/spring-test-6.1.13.jar:/home/gabriel/.m2/repository/org/xmlunit/xmlunit-core/2.9.1/xmlunit-core-2.9.1.jar:/home/gabriel/.m2/repository/org/junit/jupiter/junit-jupiter-api/5.11.1/junit-jupiter-api-5.11.1.jar:/home/gabriel/.m2/repository/org/opentest4j/opentest4j/1.3.0/opentest4j-1.3.0.jar:/home/gabriel/.m2/repository/org/junit/platform/junit-platform-commons/1.10.3/junit-platform-commons-1.10.3.jar:/home/gabriel/.m2/repository/org/apiguardian/apiguardian-api/1.1.2/apiguardian-api-1.1.2.jar:/home/gabriel/.m2/repository/org/mockito/mockito-core/5.11.0/mockito-core-5.11.0.jar:/home/gabriel/.m2/repository/net/bytebuddy/byte-buddy/1.14.19/byte-buddy-1.14.19.jar:/home/gabriel/.m2/repository/net/bytebuddy/byte-buddy-agent/1.14.19/byte-buddy-agent-1.14.19.jar:/home/gabriel/.m2/repository/org/objenesis/objenesis/3.3/objenesis-3.3.jar:/home/gabriel/.m2/repository/org/mockito/mockito-junit-jupiter/5.12.0/mockito-junit-jupiter-5.12.0.jar:/home/gabriel/.m2/repository/com/mysql/mysql-connector-j/8.0.33/mysql-connector-j-8.0.33.jar:"/>
    <property name="java.vm.vendor" value="Ubuntu"/>
    <property name="sun.arch.data.model" value="64"/>
    <property name="java.vendor.url" value="https://ubuntu.com/"/>
    <property name="user.timezone" value="America/Recife"/>
    <property name="os.name" value="Linux"/>
    <property name="java.vm.specification.version" value="21"/>
    <property name="sun.java.launcher" value="SUN_STANDARD"/>
    <property name="user.country" value="US"/>
    <property name="sun.boot.library.path" value="/usr/lib/jvm/java-21-openjdk-amd64/lib"/>
    <property name="sun.java.command" value="/home/gabriel/back_end_project/microservices-to-do-list/to-do-list/target/surefire/surefirebooter-20241205152637395_3.jar /home/gabriel/back_end_project/microservices-to-do-list/to-do-list/target/surefire 2024-12-05T15-26-37_338-jvmRun1 surefire-20241205152637395_1tmp surefire_0-20241205152637395_2tmp"/>
    <property name="jdk.debug" value="release"/>
    <property name="surefire.test.class.path" value="/home/gabriel/back_end_project/microservices-to-do-list/to-do-list/target/test-classes:/home/gabriel/back_end_project/microservices-to-do-list/to-do-list/target/classes:/home/gabriel/.m2/repository/org/springframework/boot/spring-boot-starter-data-jpa/3.3.4/spring-boot-starter-data-jpa-3.3.4.jar:/home/gabriel/.m2/repository/org/springframework/boot/spring-boot-starter-aop/3.3.4/spring-boot-starter-aop-3.3.4.jar:/home/gabriel/.m2/repository/org/springframework/spring-aop/6.1.13/spring-aop-6.1.13.jar:/home/gabriel/.m2/repository/org/aspectj/aspectjweaver/1.9.22.1/aspectjweaver-1.9.22.1.jar:/home/gabriel/.m2/repository/org/springframework/boot/spring-boot-starter-jdbc/3.3.4/spring-boot-starter-jdbc-3.3.4.jar:/home/gabriel/.m2/repository/com/zaxxer/HikariCP/5.1.0/HikariCP-5.1.0.jar:/home/gabriel/.m2/repository/org/springframework/spring-jdbc/6.1.13/spring-jdbc-6.1.13.jar:/home/gabriel/.m2/repository/org/hibernate/orm/hibernate-core/6.5.3.Final/hibernate-core-6.5.3.Final.jar:/home/gabriel/.m2/repository/jakarta/persistence/jakarta.persistence-api/3.1.0/jakarta.persistence-api-3.1.0.jar:/home/gabriel/.m2/repository/jakarta/transaction/jakarta.transaction-api/2.0.1/jakarta.transaction-api-2.0.1.jar:/home/gabriel/.m2/repository/org/jboss/logging/jboss-logging/3.5.3.Final/jboss-logging-3.5.3.Final.jar:/home/gabriel/.m2/repository/org/hibernate/common/hibernate-commons-annotations/6.0.6.Final/hibernate-commons-annotations-6.0.6.Final.jar:/home/gabriel/.m2/repository/io/smallrye/jandex/3.1.2/jandex-3.1.2.jar:/home/gabriel/.m2/repository/com/fasterxml/classmate/1.7.0/classmate-1.7.0.jar:/home/gabriel/.m2/repository/org/glassfish/jaxb/jaxb-runtime/4.0.5/jaxb-runtime-4.0.5.jar:/home/gabriel/.m2/repository/org/glassfish/jaxb/jaxb-core/4.0.5/jaxb-core-4.0.5.jar:/home/gabriel/.m2/repository/org/eclipse/angus/angus-activation/2.0.2/angus-activation-2.0.2.jar:/home/gabriel/.m2/repository/org/glassfish/jaxb/txw2/4.0.5/txw2-4.0.5.jar:/home/gabriel/.m2/repository/com/sun/istack/istack-commons-runtime/4.1.2/istack-commons-runtime-4.1.2.jar:/home/gabriel/.m2/repository/jakarta/inject/jakarta.inject-api/2.0.1/jakarta.inject-api-2.0.1.jar:/home/gabriel/.m2/repository/org/antlr/antlr4-runtime/4.13.0/antlr4-runtime-4.13.0.jar:/home/gabriel/.m2/repository/org/springframework/data/spring-data-jpa/3.3.4/spring-data-jpa-3.3.4.jar:/home/gabriel/.m2/repository/org/springframework/data/spring-data-commons/3.3.4/spring-data-commons-3.3.4.jar:/home/gabriel/.m2/repository/org/springframework/spring-orm/6.1.13/spring-orm-6.1.13.jar:/home/gabriel/.m2/repository/org/springframework/spring-context/6.1.13/spring-context-6.1.13.jar:/home/gabriel/.m2/repository/org/springframework/spring-tx/6.1.13/spring-tx-6.1.13.jar:/home/gabriel/.m2/repository/jakarta/annotation/jakarta.annotation-api/2.1.1/jakarta.annotation-api-2.1.1.jar:/home/gabriel/.m2/repository/org/slf4j/slf4j-api/2.0.16/slf4j-api-2.0.16.jar:/home/gabriel/.m2/repository/org/springframework/spring-aspects/6.1.13/spring-aspects-6.1.13.jar:/home/gabriel/.m2/repository/org/springframework/ai/spring-ai-azure-openai-spring-boot-starter/1.0.0-M4/spring-ai-azure-openai-spring-boot-starter-1.0.0-M4.jar:/home/gabriel/.m2/repository/org/springframework/boot/spring-boot-starter/3.3.4/spring-boot-starter-3.3.4.jar:/home/gabriel/.m2/repository/org/springframework/boot/spring-boot/3.3.4/spring-boot-3.3.4.jar:/home/gabriel/.m2/repository/org/springframework/boot/spring-boot-autoconfigure/3.3.4/spring-boot-autoconfigure-3.3.4.jar:/home/gabriel/.m2/repository/org/springframework/boot/spring-boot-starter-logging/3.3.4/spring-boot-starter-logging-3.3.4.jar:/home/gabriel/.m2/repository/ch/qos/logback/logback-classic/1.5.8/logback-classic-1.5.8.jar:/home/gabriel/.m2/repository/ch/qos/logback/logback-core/1.5.8/logback-core-1.5.8.jar:/home/gabriel/.m2/repository/org/apache/logging/log4j/log4j-to-slf4j/2.23.1/log4j-to-slf4j-2.23.1.jar:/home/gabriel/.m2/repository/org/apache/logging/log4j/log4j-api/2.23.1/log4j-api-2.23.1.jar:/home/gabriel/.m2/repository/org/slf4j/jul-to-slf4j/2.0.16/jul-to-slf4j-2.0.16.jar:/home/gabriel/.m2/repository/org/yaml/snakeyaml/2.2/snakeyaml-2.2.jar:/home/gabriel/.m2/repository/org/springframework/ai/spring-ai-spring-boot-autoconfigure/1.0.0-M4/spring-ai-spring-boot-autoconfigure-1.0.0-M4.jar:/home/gabriel/.m2/repository/org/springframework/ai/spring-ai-azure-openai/1.0.0-M4/spring-ai-azure-openai-1.0.0-M4.jar:/home/gabriel/.m2/repository/org/springframework/ai/spring-ai-core/1.0.0-M4/spring-ai-core-1.0.0-M4.jar:/home/gabriel/.m2/repository/com/fasterxml/jackson/module/jackson-module-jsonSchema/2.17.2/jackson-module-jsonSchema-2.17.2.jar:/home/gabriel/.m2/repository/javax/validation/validation-api/1.1.0.Final/validation-api-1.1.0.Final.jar:/home/gabriel/.m2/repository/io/swagger/core/v3/swagger-annotations/2.2.20/swagger-annotations-2.2.20.jar:/home/gabriel/.m2/repository/com/github/victools/jsonschema-module-swagger-2/4.35.0/jsonschema-module-swagger-2-4.35.0.jar:/home/gabriel/.m2/repository/org/antlr/ST4/4.3.4/ST4-4.3.4.jar:/home/gabriel/.m2/repository/org/antlr/antlr-runtime/3.5.3/antlr-runtime-3.5.3.jar:/home/gabriel/.m2/repository/org/springframework/spring-messaging/6.1.13/spring-messaging-6.1.13.jar:/home/gabriel/.m2/repository/io/micrometer/micrometer-core/1.13.4/micrometer-core-1.13.4.jar:/home/gabriel/.m2/repository/org/hdrhistogram/HdrHistogram/2.2.2/HdrHistogram-2.2.2.jar:/home/gabriel/.m2/repository/org/latencyutils/LatencyUtils/2.0.3/LatencyUtils-2.0.3.jar:/home/gabriel/.m2/repository/io/micrometer/context-propagation/1.1.1/context-propagation-1.1.1.jar:/home/gabriel/.m2/repository/com/knuddels/jtokkit/1.1.0/jtokkit-1.1.0.jar:/home/gabriel/.m2/repository/com/github/victools/jsonschema-generator/4.35.0/jsonschema-generator-4.35.0.jar:/home/gabriel/.m2/repository/com/github/victools/jsonschema-module-jackson/4.35.0/jsonschema-module-jackson-4.35.0.jar:/home/gabriel/.m2/repository/org/springframework/spring-context-support/6.1.13/spring-context-support-6.1.13.jar:/home/gabriel/.m2/repository/org/springframework/boot/spring-boot-starter-web/3.3.4/spring-boot-starter-web-3.3.4.jar:/home/gabriel/.m2/repository/org/springframework/boot/spring-boot-starter-json/3.3.4/spring-boot-starter-json-3.3.4.jar:/home/gabriel/.m2/repository/com/fasterxml/jackson/core/jackson-databind/2.17.2/jackson-databind-2.17.2.jar:/home/gabriel/.m2/repository/com/fasterxml/jackson/datatype/jackson-datatype-jdk8/2.17.2/jackson-datatype-jdk8-2.17.2.jar:/home/gabriel/.m2/repository/com/fasterxml/jackson/datatype/jackson-datatype-jsr310/2.17.2/jackson-datatype-jsr310-2.17.2.jar:/home/gabriel/.m2/repository/com/fasterxml/jackson/module/jackson-module-parameter-names/2.17.2/jackson-module-parameter-names-2.17.2.jar:/home/gabriel/.m2/repository/org/springframework/boot/spring-boot-starter-tomcat/3.3.4/spring-boot-starter-tomcat-3.3.4.jar:/home/gabriel/.m2/repository/org/apache/tomcat/embed/tomcat-embed-core/10.1.30/tomcat-embed-core-10.1.30.jar:/home/gabriel/.m2/repository/org/apache/tomcat/embed/tomcat-embed-el/10.1.30/tomcat-embed-el-10.1.30.jar:/home/gabriel/.m2/repository/org/apache/tomcat/embed/tomcat-embed-websocket/10.1.30/tomcat-embed-websocket-10.1.30.jar:/home/gabriel/.m2/repository/org/springframework/spring-webmvc/6.1.13/spring-webmvc-6.1.13.jar:/home/gabriel/.m2/repository/org/springframework/spring-expression/6.1.13/spring-expression-6.1.13.jar:/home/gabriel/.m2/repository/org/springframework/spring-web/6.1.13/spring-web-6.1.13.jar:/home/gabriel/.m2/repository/org/springframework/spring-beans/6.1.13/spring-beans-6.1.13.jar:/home/gabriel/.m2/repository/org/springframework/spring-core/6.1.13/spring-core-6.1.13.jar:/home/gabriel/.m2/repository/org/springframework/spring-jcl/6.1.13/spring-jcl-6.1.13.jar:/home/gabriel/.m2/repository/io/micrometer/micrometer-observation/1.13.4/micrometer-observation-1.13.4.jar:/home/gabriel/.m2/repository/io/micrometer/micrometer-commons/1.13.4/micrometer-commons-1.13.4.jar:/home/gabriel/.m2/repository/com/azure/azure-ai-openai/1.0.0-beta.12/azure-ai-openai-1.0.0-beta.12.jar:/home/gabriel/.m2/repository/com/azure/azure-core/1.53.0/azure-core-1.53.0.jar:/home/gabriel/.m2/repository/com/azure/azure-json/1.3.0/azure-json-1.3.0.jar:/home/gabriel/.m2/repository/com/azure/azure-xml/1.1.0/azure-xml-1.1.0.jar:/home/gabriel/.m2/repository/com/fasterxml/jackson/core/jackson-annotations/2.17.2/jackson-annotations-2.17.2.jar:/home/gabriel/.m2/repository/com/fasterxml/jackson/core/jackson-core/2.17.2/jackson-core-2.17.2.jar:/home/gabriel/.m2/repository/io/projectreactor/reactor-core/3.6.10/reactor-core-3.6.10.jar:/home/gabriel/.m2/repository/org/reactivestreams/reactive-streams/1.0.4/reactive-streams-1.0.4.jar:/home/gabriel/.m2/repository/com/azure/azure-core-http-netty/1.15.5/azure-core-http-netty-1.15.5.jar:/home/gabriel/.m2/repository/io/netty/netty-handler/4.1.113.Final/netty-handler-4.1.113.Final.jar:/home/gabriel/.m2/repository/io/netty/netty-resolver/4.1.113.Final/netty-resolver-4.1.113.Final.jar:/home/gabriel/.m2/repository/io/netty/netty-transport/4.1.113.Final/netty-transport-4.1.113.Final.jar:/home/gabriel/.m2/repository/io/netty/netty-handler-proxy/4.1.113.Final/netty-handler-proxy-4.1.113.Final.jar:/home/gabriel/.m2/repository/io/netty/netty-codec-socks/4.1.113.Final/netty-codec-socks-4.1.113.Final.jar:/home/gabriel/.m2/repository/io/netty/netty-buffer/4.1.113.Final/netty-buffer-4.1.113.Final.jar:/home/gabriel/.m2/repository/io/netty/netty-codec/4.1.113.Final/netty-codec-4.1.113.Final.jar:/home/gabriel/.m2/repository/io/netty/netty-codec-http/4.1.113.Final/netty-codec-http-4.1.113.Final.jar:/home/gabriel/.m2/repository/io/netty/netty-codec-http2/4.1.113.Final/netty-codec-http2-4.1.113.Final.jar:/home/gabriel/.m2/repository/io/netty/netty-transport-native-unix-common/4.1.113.Final/netty-transport-native-unix-common-4.1.113.Final.jar:/home/gabriel/.m2/repository/io/netty/netty-transport-native-epoll/4.1.113.Final/netty-transport-native-epoll-4.1.113.Final-linux-x86_64.jar:/home/gabriel/.m2/repository/io/netty/netty-transport-classes-epoll/4.1.113.Final/netty-transport-classes-epoll-4.1.113.Final.jar:/home/gabriel/.m2/repository/io/netty/netty-transport-native-kqueue/4.1.113.Final/netty-transport-native-kqueue-4.1.113.Final-osx-x86_64.jar:/home/gabriel/.m2/repository/io/netty/netty-transport-classes-kqueue/4.1.113.Final/netty-transport-classes-kqueue-4.1.113.Final.jar:/home/gabriel/.m2/repository/io/netty/netty-tcnative-boringssl-static/2.0.66.Final/netty-tcnative-boringssl-static-2.0.66.Final.jar:/home/gabriel/.m2/repository/io/netty/netty-tcnative-classes/2.0.66.Final/netty-tcnative-classes-2.0.66.Final.jar:/home/gabriel/.m2/repository/io/netty/netty-tcnative-boringssl-static/2.0.66.Final/netty-tcnative-boringssl-static-2.0.66.Final-linux-x86_64.jar:/home/gabriel/.m2/repository/io/netty/netty-tcnative-boringssl-static/2.0.66.Final/netty-tcnative-boringssl-static-2.0.66.Final-linux-aarch_64.jar:/home/gabriel/.m2/repository/io/netty/netty-tcnative-boringssl-static/2.0.66.Final/netty-tcnative-boringssl-static-2.0.66.Final-osx-x86_64.jar:/home/gabriel/.m2/repository/io/netty/netty-tcnative-boringssl-static/2.0.66.Final/netty-tcnative-boringssl-static-2.0.66.Final-osx-aarch_64.jar:/home/gabriel/.m2/repository/io/netty/netty-tcnative-boringssl-static/2.0.66.Final/netty-tcnative-boringssl-static-2.0.66.Final-windows-x86_64.jar:/home/gabriel/.m2/repository/io/projectreactor/netty/reactor-netty-http/1.1.22/reactor-netty-http-1.1.22.jar:/home/gabriel/.m2/repository/io/netty/netty-resolver-dns/4.1.113.Final/netty-resolver-dns-4.1.113.Final.jar:/home/gabriel/.m2/repository/io/netty/netty-codec-dns/4.1.113.Final/netty-codec-dns-4.1.113.Final.jar:/home/gabriel/.m2/repository/io/netty/netty-resolver-dns-native-macos/4.1.113.Final/netty-resolver-dns-native-macos-4.1.113.Final-osx-x86_64.jar:/home/gabriel/.m2/repository/io/netty/netty-resolver-dns-classes-macos/4.1.113.Final/netty-resolver-dns-classes-macos-4.1.113.Final.jar:/home/gabriel/.m2/repository/io/projectreactor/netty/reactor-netty-core/1.1.22/reactor-netty-core-1.1.22.jar:/home/gabriel/.m2/repository/io/netty/netty-common/4.1.113.Final/netty-common-4.1.113.Final.jar:/home/gabriel/.m2/repository/org/postgresql/postgresql/42.7.4/postgresql-42.7.4.jar:/home/gabriel/.m2/repository/org/checkerframework/checker-qual/3.42.0/checker-qual-3.42.0.jar:/home/gabriel/.m2/repository/com/microsoft/cognitiveservices/speech/client-sdk/1.30.0/client-sdk-1.30.0.jar:/home/gabriel/.m2/repository/org/projectlombok/lombok/1.18.34/lombok-1.18.34.jar:/home/gabriel/.m2/repository/org/springframework/boot/spring-boot-starter-test/3.3.4/spring-boot-starter-test-3.3.4.jar:/home/gabriel/.m2/repository/org/springframework/boot/spring-boot-test/3.3.4/spring-boot-test-3.3.4.jar:/home/gabriel/.m2/repository/org/springframework/boot/spring-boot-test-autoconfigure/3.3.4/spring-boot-test-autoconfigure-3.3.4.jar:/home/gabriel/.m2/repository/com/jayway/jsonpath/json-path/2.9.0/json-path-2.9.0.jar:/home/gabriel/.m2/repository/jakarta/xml/bind/jakarta.xml.bind-api/4.0.2/jakarta.xml.bind-api-4.0.2.jar:/home/gabriel/.m2/repository/jakarta/activation/jakarta.activation-api/2.1.3/jakarta.activation-api-2.1.3.jar:/home/gabriel/.m2/repository/net/minidev/json-smart/2.5.1/json-smart-2.5.1.jar:/home/gabriel/.m2/repository/net/minidev/accessors-smart/2.5.1/accessors-smart-2.5.1.jar:/home/gabriel/.m2/repository/org/ow2/asm/asm/9.6/asm-9.6.jar:/home/gabriel/.m2/repository/org/assertj/assertj-core/3.25.3/assertj-core-3.25.3.jar:/home/gabriel/.m2/repository/org/awaitility/awaitility/4.2.2/awaitility-4.2.2.jar:/home/gabriel/.m2/repository/org/hamcrest/hamcrest/2.2/hamcrest-2.2.jar:/home/gabriel/.m2/repository/org/junit/jupiter/junit-jupiter/5.10.3/junit-jupiter-5.10.3.jar:/home/gabriel/.m2/repository/org/junit/jupiter/junit-jupiter-params/5.10.3/junit-jupiter-params-5.10.3.jar:/home/gabriel/.m2/repository/org/junit/jupiter/junit-jupiter-engine/5.10.3/junit-jupiter-engine-5.10.3.jar:/home/gabriel/.m2/repository/org/junit/platform/junit-platform-engine/1.10.3/junit-platform-engine-1.10.3.jar:/home/gabriel/.m2/repository/org/skyscreamer/jsonassert/1.5.3/jsonassert-1.5.3.jar:/home/gabriel/.m2/repository/com/vaadin/external/google/android-json/0.0.20131108.vaadin1/android-json-0.0.20131108.vaadin1.jar:/home/gabriel/.m2/repository/org/springframework/spring-test/6.1.13/spring-test-6.1.13.jar:/home/gabriel/.m2/repository/org/xmlunit/xmlunit-core/2.9.1/xmlunit-core-2.9.1.jar:/home/gabriel/.m2/repository/org/junit/jupiter/junit-jupiter-api/5.11.1/junit-jupiter-api-5.11.1.jar:/home/gabriel/.m2/repository/org/opentest4j/opentest4j/1.3.0/opentest4j-1.3.0.jar:/home/gabriel/.m2/repository/org/junit/platform/junit-platform-commons/1.10.3/junit-platform-commons-1.10.3.jar:/home/gabriel/.m2/repository/org/apiguardian/apiguardian-api/1.1.2/apiguardian-api-1.1.2.jar:/home/gabriel/.m2/repository/org/mockito/mockito-core/5.11.0/mockito-core-5.11.0.jar:/home/gabriel/.m2/repository/net/bytebuddy/byte-buddy/1.14.19/byte-buddy-1.14.19.jar:/home/gabriel/.m2/repository/net/bytebuddy/byte-buddy-agent/1.14.19/byte-buddy-agent-1.14.19.jar:/home/gabriel/.m2/repository/org/objenesis/objenesis/3.3/objenesis-3.3.jar:/home/gabriel/.m2/repository/org/mockito/mockito-junit-jupiter/5.12.0/mockito-junit-jupiter-5.12.0.jar:/home/gabriel/.m2/repository/com/mysql/mysql-connector-j/8.0.33/mysql-connector-j-8.0.33.jar:"/>
    <property name="sun.cpu.endian" value="little"/>
    <property name="user.home" value="/home/gabriel"/>
    <property name="user.language" value="en"/>
    <property name="java.specification.vendor" value="Oracle Corporation"/>
    <property name="java.version.date" value="2024-10-15"/>
    <property name="java.home" value="/usr/lib/jvm/java-21-openjdk-amd64"/>
    <property name="file.separator" value="/"/>
    <property name="basedir" value="/home/gabriel/back_end_project/microservices-to-do-list/to-do-list"/>
    <property name="java.vm.compressedOopsMode" value="Zero based"/>
    <property name="line.separator" value="&#10;"/>
    <property name="java.specification.name" value="Java Platform API Specification"/>
    <property name="java.vm.specification.vendor" value="Oracle Corporation"/>
    <property name="surefire.real.class.path" value="/home/gabriel/back_end_project/microservices-to-do-list/to-do-list/target/surefire/surefirebooter-20241205152637395_3.jar"/>
    <property name="sun.management.compiler" value="HotSpot 64-Bit Tiered Compilers"/>
    <property name="java.runtime.version" value="21.0.5+11-Ubuntu-1ubuntu124.04"/>
    <property name="user.name" value="gabriel"/>
    <property name="stdout.encoding" value="UTF-8"/>
    <property name="path.separator" value=":"/>
    <property name="os.version" value="6.8.0-49-generic"/>
    <property name="java.runtime.name" value="OpenJDK Runtime Environment"/>
    <property name="file.encoding" value="UTF-8"/>
    <property name="java.vm.name" value="OpenJDK 64-Bit Server VM"/>
    <property name="localRepository" value="/home/gabriel/.m2/repository"/>
    <property name="java.vendor.url.bug" value="https://bugs.launchpad.net/ubuntu/+source/openjdk-21"/>
    <property name="java.io.tmpdir" value="/tmp"/>
    <property name="java.version" value="21.0.5"/>
    <property name="user.dir" value="/home/gabriel/back_end_project/microservices-to-do-list/to-do-list"/>
    <property name="os.arch" value="amd64"/>
    <property name="java.vm.specification.name" value="Java Virtual Machine Specification"/>
    <property name="native.encoding" value="UTF-8"/>
    <property name="java.library.path" value="/usr/java/packages/lib:/usr/lib/x86_64-linux-gnu/jni:/lib/x86_64-linux-gnu:/usr/lib/x86_64-linux-gnu:/usr/lib/jni:/lib:/usr/lib"/>
    <property name="java.vm.info" value="mixed mode, sharing"/>
    <property name="stderr.encoding" value="UTF-8"/>
    <property name="java.vendor" value="Ubuntu"/>
    <property name="java.vm.version" value="21.0.5+11-Ubuntu-1ubuntu124.04"/>
    <property name="sun.io.unicode.encoding" value="UnicodeLittle"/>
    <property name="java.class.version" value="65.0"/>
  </properties>
  <testcase name="testSaveTask" classname="com.example.demo.serviceTest.TaskServiceTest" time="1.04">
    <system-err><![CDATA[WARNING: A Java agent has been loaded dynamically (/home/gabriel/.m2/repository/net/bytebuddy/byte-buddy-agent/1.14.19/byte-buddy-agent-1.14.19.jar)
WARNING: If a serviceability tool is in use, please run with -XX:+EnableDynamicAgentLoading to hide this warning
WARNING: If a serviceability tool is not in use, please run with -Djdk.instrument.traceUsage for more information
WARNING: Dynamic loading of agents will be disallowed by default in a future release
]]></system-err>
  </testcase>
  <testcase name="testGetTaskByIdNotFound" classname="com.example.demo.serviceTest.TaskServiceTest" time="0.011"/>
  <testcase name="testFindByCategory" classname="com.example.demo.serviceTest.TaskServiceTest" time="0.006"/>
  <testcase name="testCreateTask" classname="com.example.demo.serviceTest.TaskServiceTest" time="0.005"/>
  <testcase name="testFindTaskById" classname="com.example.demo.serviceTest.TaskServiceTest" time="0.004"/>
  <testcase name="testGetTaskById" classname="com.example.demo.serviceTest.TaskServiceTest" time="0.003"/>
  <testcase name="testDeleteTask" classname="com.example.demo.serviceTest.TaskServiceTest" time="0.003"/>
</testsuite>